<?xml version="1.0" encoding="UTF-8"?>
<!-- Generated by org.testng.reporters.JUnitReportReporter -->
<testsuite hostname="DESKTOP-6KVQT8T" failures="0" tests="1" name="com.inetbanking.pageObjects.BaseClass" time="7.881" errors="0" timestamp="2021-11-03T00:44:50 IST" skipped="0">
  <testcase classname="com.inetbanking.pageObjects.BaseClass" name="test1" time="7.881"/>
  <system-out/>
</testsuite> <!-- com.inetbanking.pageObjects.BaseClass -->
