<?xml version="1.0" encoding="UTF-8"?>
<!-- Generated by org.testng.reporters.JUnitReportReporter -->
<testsuite skipped="0" hostname="DESKTOP-6KVQT8T" name="com.inetbanking.testCases.TC_LoginTest_001" tests="1" failures="0" timestamp="2021-11-07T17:29:29 IST" time="1.304" errors="0">
  <testcase name="loginTest" time="1.304" classname="com.inetbanking.testCases.TC_LoginTest_001"/>
  <system-out/>
</testsuite> <!-- com.inetbanking.testCases.TC_LoginTest_001 -->
